<?xml version="1.0" encoding="UTF-8"?>
<!-- Generated by org.testng.reporters.JUnitXMLReporter -->
<testsuite ignored="0" hostname="LAPTOP-H2O2TLOD" failures="0" tests="3" name="Default test" time="27.996" errors="0" timestamp="21 Apr 2021 08:12:05 GMT">
  <testcase classname="com.test.ng.pac.TestngPackag" name="tc1" time="9.521"/>
  <testcase classname="com.test.ng.pac.TestngPackag" name="tc2" time="6.53"/>
  <testcase classname="com.test.ng.pac.TestngPackag" name="tc3" time="11.921"/>
</testsuite> <!-- Default test -->
