<?xml version="1.0" encoding="UTF-8"?>
<testng-results ignored="0" total="3" passed="3" failed="0" skipped="0">
  <reporter-output>
  </reporter-output>
  <suite started-at="2021-04-19T16:50:30Z" name="Default suite" finished-at="2021-04-19T16:50:54Z" duration-ms="24650">
    <groups>
    </groups>
    <test started-at="2021-04-19T16:50:30Z" name="Default test" finished-at="2021-04-19T16:50:54Z" duration-ms="24650">
      <class name="com.test.ng.pac.TestngPackag">
        <test-method signature="tc1()[pri:0, instance:com.test.ng.pac.TestngPackag@10f7f7de]" started-at="2021-04-19T16:50:30Z" name="tc1" finished-at="2021-04-19T16:50:35Z" duration-ms="5311" status="PASS">
          <reporter-output>
          </reporter-output>
        </test-method> <!-- tc1 -->
        <test-method signature="tc2()[pri:0, instance:com.test.ng.pac.TestngPackag@10f7f7de]" started-at="2021-04-19T16:50:35Z" name="tc2" finished-at="2021-04-19T16:50:41Z" duration-ms="6537" status="PASS">
          <reporter-output>
          </reporter-output>
        </test-method> <!-- tc2 -->
        <test-method signature="tc3()[pri:0, instance:com.test.ng.pac.TestngPackag@10f7f7de]" started-at="2021-04-19T16:50:41Z" name="tc3" finished-at="2021-04-19T16:50:54Z" duration-ms="12772" status="PASS">
          <reporter-output>
          </reporter-output>
        </test-method> <!-- tc3 -->
      </class> <!-- com.test.ng.pac.TestngPackag -->
    </test> <!-- Default test -->
  </suite> <!-- Default suite -->
</testng-results>
