<?xml version="1.0" encoding="UTF-8"?>
<testng-results ignored="0" total="3" passed="3" failed="0" skipped="0">
  <reporter-output>
  </reporter-output>
  <suite started-at="2021-04-21T08:11:37Z" name="Default suite" finished-at="2021-04-21T08:12:05Z" duration-ms="27996">
    <groups>
    </groups>
    <test started-at="2021-04-21T08:11:37Z" name="Default test" finished-at="2021-04-21T08:12:05Z" duration-ms="27996">
      <class name="com.test.ng.pac.TestngPackag">
        <test-method signature="tc1()[pri:0, instance:com.test.ng.pac.TestngPackag@4416d64f]" started-at="2021-04-21T08:11:37Z" name="tc1" finished-at="2021-04-21T08:11:46Z" duration-ms="9521" status="PASS">
          <reporter-output>
          </reporter-output>
        </test-method> <!-- tc1 -->
        <test-method signature="tc2()[pri:0, instance:com.test.ng.pac.TestngPackag@4416d64f]" started-at="2021-04-21T08:11:46Z" name="tc2" finished-at="2021-04-21T08:11:53Z" duration-ms="6530" status="PASS">
          <reporter-output>
          </reporter-output>
        </test-method> <!-- tc2 -->
        <test-method signature="tc3()[pri:0, instance:com.test.ng.pac.TestngPackag@4416d64f]" started-at="2021-04-21T08:11:53Z" name="tc3" finished-at="2021-04-21T08:12:05Z" duration-ms="11921" status="PASS">
          <reporter-output>
          </reporter-output>
        </test-method> <!-- tc3 -->
      </class> <!-- com.test.ng.pac.TestngPackag -->
    </test> <!-- Default test -->
  </suite> <!-- Default suite -->
</testng-results>
